<?xml version="1.0" encoding="UTF-8"?>
<testng-results skipped="0" failed="0" ignored="0" total="1" passed="1">
  <reporter-output>
  </reporter-output>
  <suite name="Default suite" duration-ms="11041" started-at="2018-12-14T08:09:10Z" finished-at="2018-12-14T08:09:21Z">
    <groups>
    </groups>
    <test name="Default test" duration-ms="11041" started-at="2018-12-14T08:09:10Z" finished-at="2018-12-14T08:09:21Z">
      <class name="com.bl.base.Base">
        <test-method status="PASS" signature="beforeClass()[pri:0, instance:com.bl.base.Base@5622fdf]" name="beforeClass" duration-ms="11006" started-at="2018-12-14T08:09:10Z" finished-at="2018-12-14T08:09:21Z">
          <reporter-output>
          </reporter-output>
        </test-method> <!-- beforeClass -->
      </class> <!-- com.bl.base.Base -->
    </test> <!-- Default test -->
  </suite> <!-- Default suite -->
</testng-results>
