<?xml version="1.0" encoding="UTF-8"?>
<testng-results skipped="0" failed="0" ignored="0" total="2" passed="2">
  <reporter-output>
  </reporter-output>
  <suite name="Default suite" duration-ms="216" started-at="2018-11-30T20:33:52Z" finished-at="2018-11-30T20:33:53Z">
    <groups>
    </groups>
    <test name="Default test" duration-ms="216" started-at="2018-11-30T20:33:52Z" finished-at="2018-11-30T20:33:53Z">
      <class name="practice.DataDriven">
        <test-method status="PASS" signature="setProperties()[pri:1, instance:practice.DataDriven@1753acfe]" name="setProperties" duration-ms="112" started-at="2018-11-30T20:33:52Z" finished-at="2018-11-30T20:33:53Z">
          <reporter-output>
          </reporter-output>
        </test-method> <!-- setProperties -->
        <test-method status="PASS" signature="getProperties()[pri:2, instance:practice.DataDriven@1753acfe]" name="getProperties" duration-ms="19" started-at="2018-11-30T20:33:53Z" finished-at="2018-11-30T20:33:53Z">
          <reporter-output>
          </reporter-output>
        </test-method> <!-- getProperties -->
      </class> <!-- practice.DataDriven -->
    </test> <!-- Default test -->
  </suite> <!-- Default suite -->
</testng-results>
