<?xml version="1.0" encoding="UTF-8"?>
<testng-results skipped="0" failed="0" ignored="0" total="2" passed="2">
  <reporter-output>
  </reporter-output>
  <suite name="Default suite" duration-ms="4272" started-at="2018-12-03T16:18:38Z" finished-at="2018-12-03T16:18:43Z">
    <groups>
    </groups>
    <test name="Default test" duration-ms="4272" started-at="2018-12-03T16:18:38Z" finished-at="2018-12-03T16:18:43Z">
      <class name="rest.Test1">
        <test-method status="PASS" signature="testLogging()[pri:0, instance:rest.Test1@3ffc5af1]" name="testLogging" duration-ms="3424" started-at="2018-12-03T16:18:38Z" finished-at="2018-12-03T16:18:42Z">
          <reporter-output>
          </reporter-output>
        </test-method> <!-- testLogging -->
        <test-method status="PASS" signature="testStatuscode()[pri:0, instance:rest.Test1@3ffc5af1]" name="testStatuscode" duration-ms="788" started-at="2018-12-03T16:18:42Z" finished-at="2018-12-03T16:18:43Z">
          <reporter-output>
          </reporter-output>
        </test-method> <!-- testStatuscode -->
      </class> <!-- rest.Test1 -->
    </test> <!-- Default test -->
  </suite> <!-- Default suite -->
</testng-results>
